<?xml version="1.0" encoding="UTF-8"?>
<testng-results ignored="0" total="1" passed="1" failed="0" skipped="0">
  <reporter-output>
  </reporter-output>
  <suite started-at="2021-10-11T19:58:08 IST" name="Default suite" finished-at="2021-10-11T19:58:35 IST" duration-ms="26977">
    <groups>
    </groups>
    <test started-at="2021-10-11T19:58:08 IST" name="Default test" finished-at="2021-10-11T19:58:35 IST" duration-ms="26977">
      <class name="testcases.TestCaseOne">
        <test-method signature="testOneGrid()[pri:0, instance:testcases.TestCaseOne@15c43bd9]" started-at="2021-10-11T19:58:08 IST" name="testOneGrid" finished-at="2021-10-11T19:58:35 IST" duration-ms="26903" status="PASS">
          <reporter-output>
          </reporter-output>
        </test-method> <!-- testOneGrid -->
      </class> <!-- testcases.TestCaseOne -->
    </test> <!-- Default test -->
  </suite> <!-- Default suite -->
</testng-results>
